<?xml version="1.0" encoding="UTF-8"?>
<!-- Generated by org.testng.reporters.JUnitXMLReporter -->
<testsuite ignored="0" hostname="LAPTOP-CN12N8H4" failures="6" tests="14" name="Test" time="117.392" errors="0" timestamp="2025-05-09T11:29:37 IST">
  <testcase classname="org.project.TS_001" name="tc_001_verifyEmailTextboxVisibility" time="0.074"/>
  <testcase classname="org.project.TS_001" name="tc_002_verifyEmailTextboxAlignment" time="0.059"/>
  <testcase classname="org.project.TS_001" name="tc_003_verifyAlphanumericInput" time="0.284"/>
  <testcase classname="org.project.TS_001" name="tc_004_verifySpecialCharactersInput" time="0.363"/>
  <testcase classname="org.project.TS_002" name="tc_005_invalidEmailFormat" time="0.707">
    <failure type="java.lang.AssertionError" message="null">
      <![CDATA[java.lang.AssertionError: null
at org.project.TS_002.tc_005_invalidEmailFormat(TS_002.java:55)
at java.base/java.util.ArrayList.forEach(ArrayList.java:1597)
... Removed 27 stack frames]]>
    </failure>
  </testcase> <!-- tc_005_invalidEmailFormat -->
  <testcase classname="org.project.TS_002" name="tc_006_emailMandatoryValidation" time="10.359">
    <failure type="java.lang.AssertionError" message="null">
      <![CDATA[java.lang.AssertionError: null
at org.project.TS_002.tc_006_emailMandatoryValidation(TS_002.java:79)
at java.base/java.util.ArrayList.forEach(ArrayList.java:1597)
... Removed 27 stack frames]]>
    </failure>
  </testcase> <!-- tc_006_emailMandatoryValidation -->
  <testcase classname="org.project.TS_002" name="tc_007_validEmailAccepted" time="0.983">
    <failure type="java.lang.AssertionError" message="null">
      <![CDATA[java.lang.AssertionError: null
at org.project.TS_002.tc_007_validEmailAccepted(TS_002.java:98)
at java.base/java.util.ArrayList.forEach(ArrayList.java:1597)
... Removed 27 stack frames]]>
    </failure>
  </testcase> <!-- tc_007_validEmailAccepted -->
  <testcase classname="org.project.TS_002" name="tc_008_maxLengthEmailField" time="0.881">
    <failure type="java.lang.AssertionError" message="Email length exceeded 254 characters expected [true] but found [false]">
      <![CDATA[java.lang.AssertionError: Email length exceeded 254 characters expected [true] but found [false]
at org.project.TS_002.tc_008_maxLengthEmailField(TS_002.java:112)
at java.base/java.util.ArrayList.forEach(ArrayList.java:1597)
... Removed 28 stack frames]]>
    </failure>
  </testcase> <!-- tc_008_maxLengthEmailField -->
  <testcase classname="org.project.TS_002" name="tc_009_emailDomainFormats" time="0.613">
    <failure type="java.lang.AssertionError" message="null">
      <![CDATA[java.lang.AssertionError: null
at org.project.TS_002.tc_009_emailDomainFormats(TS_002.java:139)
at java.base/java.util.ArrayList.forEach(ArrayList.java:1597)
... Removed 27 stack frames]]>
    </failure>
  </testcase> <!-- tc_009_emailDomainFormats -->
  <testcase classname="org.project.TS_003" name="tc_010_verifyPasswordTextboxVisibility" time="0.212"/>
  <testcase classname="org.project.TS_003" name="tc_011_verifyPasswordTextboxAlignment" time="0.062"/>
  <testcase classname="org.project.TS_003" name="tc_012_verifyPasswordMasking" time="0.038"/>
  <testcase classname="org.project.TS_003" name="tc_013_verifyShowPasswordToggle" time="0.251">
    <failure type="java.lang.AssertionError" message="Exception occurred: no such element: Unable to locate element: {&amp;quot;method&amp;quot;:&amp;quot;css selector&amp;quot;,&amp;quot;selector&amp;quot;:&amp;quot;#toggle\-password&amp;quot;}
  (Session info: chrome=136.0.7103.93)
For documentation on this error, please visit: https://www.selenium.dev/documentation/webdriver/troubleshooting/errors#no-such-element-exception
Build info: version: &amp;apos;4.20.0&amp;apos;, revision: &amp;apos;866c76ca80&amp;apos;
System info: os.name: &amp;apos;Windows 11&amp;apos;, os.arch: &amp;apos;amd64&amp;apos;, os.version: &amp;apos;10.0&amp;apos;, java.version: &amp;apos;23.0.2&amp;apos;
Driver info: org.openqa.selenium.chrome.ChromeDriver
Command: [1d317c0f5c2256e2ad5428bad39df13e, findElement {using=id, value=toggle-password}]
Capabilities {acceptInsecureCerts: false, browserName: chrome, browserVersion: 136.0.7103.93, chrome: {chromedriverVersion: 136.0.7103.92 (cb81a4cc5087..., userDataDir: C:\Users\HP\AppData\Local\T...}, fedcm:accounts: true, goog:chromeOptions: {debuggerAddress: localhost:62276}, networkConnectionEnabled: false, pageLoadStrategy: normal, platformName: windows, proxy: Proxy(), se:cdp: ws://localhost:62276/devtoo..., se:cdpVersion: 136.0.7103.93, setWindowRect: true, strictFileInteractability: false, timeouts: {implicit: 0, pageLoad: 300000, script: 30000}, unhandledPromptBehavior: dismiss and notify, webauthn:extension:credBlob: true, webauthn:extension:largeBlob: true, webauthn:extension:minPinLength: true, webauthn:extension:prf: true, webauthn:virtualAuthenticators: true}
Session ID: 1d317c0f5c2256e2ad5428bad39df13e">
      <![CDATA[java.lang.AssertionError: Exception occurred: no such element: Unable to locate element: {"method":"css selector","selector":"#toggle\-password"}
  (Session info: chrome=136.0.7103.93)
For documentation on this error, please visit: https://www.selenium.dev/documentation/webdriver/troubleshooting/errors#no-such-element-exception
Build info: version: '4.20.0', revision: '866c76ca80'
System info: os.name: 'Windows 11', os.arch: 'amd64', os.version: '10.0', java.version: '23.0.2'
Driver info: org.openqa.selenium.chrome.ChromeDriver
Command: [1d317c0f5c2256e2ad5428bad39df13e, findElement {using=id, value=toggle-password}]
Capabilities {acceptInsecureCerts: false, browserName: chrome, browserVersion: 136.0.7103.93, chrome: {chromedriverVersion: 136.0.7103.92 (cb81a4cc5087..., userDataDir: C:\Users\HP\AppData\Local\T...}, fedcm:accounts: true, goog:chromeOptions: {debuggerAddress: localhost:62276}, networkConnectionEnabled: false, pageLoadStrategy: normal, platformName: windows, proxy: Proxy(), se:cdp: ws://localhost:62276/devtoo..., se:cdpVersion: 136.0.7103.93, setWindowRect: true, strictFileInteractability: false, timeouts: {implicit: 0, pageLoad: 300000, script: 30000}, unhandledPromptBehavior: dismiss and notify, webauthn:extension:credBlob: true, webauthn:extension:largeBlob: true, webauthn:extension:minPinLength: true, webauthn:extension:prf: true, webauthn:virtualAuthenticators: true}
Session ID: 1d317c0f5c2256e2ad5428bad39df13e
at org.project.TS_003.tc_013_verifyShowPasswordToggle(TS_003.java:91)
at java.base/java.util.ArrayList.forEach(ArrayList.java:1597)
... Removed 26 stack frames]]>
    </failure>
  </testcase> <!-- tc_013_verifyShowPasswordToggle -->
  <testcase classname="org.project.TS_003" name="tc_014_verifySpecialCharactersAccepted" time="0.483"/>
</testsuite> <!-- Test -->
