<?xml version="1.0" encoding="UTF-8"?>
<!-- Generated by org.testng.reporters.JUnitReportReporter -->
<testsuite hostname="LAPTOP-CN12N8H4" failures="1" tests="3" name="org.project.TS_044" time="7.204" errors="0" timestamp="2025-05-11T19:07:43 IST" skipped="0">
  <testcase classname="org.project.TS_044" name="tc_158_verifyChatWithUsButtonVisibilityAndStyle" time="2.680"/>
  <testcase classname="org.project.TS_044" name="tc_159_verifyChatWithUsButtonOpensChatWindow" time="2.230">
    <failure message="TC_159 Failed: element click intercepted: Element &lt;a class=&quot;ppb-button btn-primary-chat chat-btn-popup&quot; href=&quot;#&quot; data-value=&quot;sales&quot; data-prodvalue=&quot;business-hosting&quot; aria-label=&quot;Chat with us 1&quot; data-hs-event-140496818=&quot;1&quot;&gt;...&lt;/a&gt; is not clickable at point (760, 656). Other element would receive the click: &lt;div id=&quot;onetrust-button-group-parent&quot; class=&quot;ot-sdk-three ot-sdk-columns&quot;&gt;...&lt;/div&gt;
  (Session info: chrome=136.0.7103.93)
Build info: version: &#039;4.20.0&#039;, revision: &#039;866c76ca80&#039;
System info: os.name: &#039;Windows 11&#039;, os.arch: &#039;amd64&#039;, os.version: &#039;10.0&#039;, java.version: &#039;23.0.2&#039;
Driver info: org.openqa.selenium.chrome.ChromeDriver
Command: [0db63ea312406b35b17976a73225818d, clickElement {id=f.932DBF092A696FB58600773A74A5385C.d.F6A3B7FE0598A9E146F7E66DD18BD726.e.78}]
Capabilities {acceptInsecureCerts: false, browserName: chrome, browserVersion: 136.0.7103.93, chrome: {chromedriverVersion: 135.0.7049.84 (6c019e560019..., userDataDir: C:\Users\HP\AppData\Local\T...}, fedcm:accounts: true, goog:chromeOptions: {debuggerAddress: localhost:58583}, networkConnectionEnabled: false, pageLoadStrategy: normal, platformName: windows, proxy: Proxy(), se:cdp: ws://localhost:58583/devtoo..., se:cdpVersion: 136.0.7103.93, setWindowRect: true, strictFileInteractability: false, timeouts: {implicit: 0, pageLoad: 300000, script: 30000}, unhandledPromptBehavior: dismiss and notify, webauthn:extension:credBlob: true, webauthn:extension:largeBlob: true, webauthn:extension:minPinLength: true, webauthn:extension:prf: true, webauthn:virtualAuthenticators: true}
Element: [[ChromeDriver: chrome on windows (0db63ea312406b35b17976a73225818d)] -&gt; xpath: //a[contains(text(),&#039;Chat With Us&#039;)]]
Session ID: 0db63ea312406b35b17976a73225818d" type="java.lang.AssertionError">
      <![CDATA[java.lang.AssertionError: TC_159 Failed: element click intercepted: Element <a class="ppb-button btn-primary-chat chat-btn-popup" href="#" data-value="sales" data-prodvalue="business-hosting" aria-label="Chat with us 1" data-hs-event-140496818="1">...</a> is not clickable at point (760, 656). Other element would receive the click: <div id="onetrust-button-group-parent" class="ot-sdk-three ot-sdk-columns">...</div>
  (Session info: chrome=136.0.7103.93)
Build info: version: '4.20.0', revision: '866c76ca80'
System info: os.name: 'Windows 11', os.arch: 'amd64', os.version: '10.0', java.version: '23.0.2'
Driver info: org.openqa.selenium.chrome.ChromeDriver
Command: [0db63ea312406b35b17976a73225818d, clickElement {id=f.932DBF092A696FB58600773A74A5385C.d.F6A3B7FE0598A9E146F7E66DD18BD726.e.78}]
Capabilities {acceptInsecureCerts: false, browserName: chrome, browserVersion: 136.0.7103.93, chrome: {chromedriverVersion: 135.0.7049.84 (6c019e560019..., userDataDir: C:\Users\HP\AppData\Local\T...}, fedcm:accounts: true, goog:chromeOptions: {debuggerAddress: localhost:58583}, networkConnectionEnabled: false, pageLoadStrategy: normal, platformName: windows, proxy: Proxy(), se:cdp: ws://localhost:58583/devtoo..., se:cdpVersion: 136.0.7103.93, setWindowRect: true, strictFileInteractability: false, timeouts: {implicit: 0, pageLoad: 300000, script: 30000}, unhandledPromptBehavior: dismiss and notify, webauthn:extension:credBlob: true, webauthn:extension:largeBlob: true, webauthn:extension:minPinLength: true, webauthn:extension:prf: true, webauthn:virtualAuthenticators: true}
Element: [[ChromeDriver: chrome on windows (0db63ea312406b35b17976a73225818d)] -> xpath: //a[contains(text(),'Chat With Us')]]
Session ID: 0db63ea312406b35b17976a73225818d
at org.testng.Assert.fail(Assert.java:111)
at org.project.TS_044.tc_159_verifyChatWithUsButtonOpensChatWindow(TS_044.java:74)
at java.base/jdk.internal.reflect.DirectMethodHandleAccessor.invoke(DirectMethodHandleAccessor.java:103)
at java.base/java.lang.reflect.Method.invoke(Method.java:580)
at org.testng.internal.invokers.MethodInvocationHelper.invokeMethod(MethodInvocationHelper.java:141)
at org.testng.internal.invokers.TestInvoker.invokeMethod(TestInvoker.java:687)
at org.testng.internal.invokers.TestInvoker.invokeTestMethod(TestInvoker.java:230)
at org.testng.internal.invokers.MethodRunner.runInSequence(MethodRunner.java:63)
at org.testng.internal.invokers.TestInvoker$MethodInvocationAgent.invoke(TestInvoker.java:995)
at org.testng.internal.invokers.TestInvoker.invokeTestMethods(TestInvoker.java:203)
at org.testng.internal.invokers.TestMethodWorker.invokeTestMethods(TestMethodWorker.java:154)
at org.testng.internal.invokers.TestMethodWorker.run(TestMethodWorker.java:134)
at java.base/java.util.ArrayList.forEach(ArrayList.java:1597)
at org.testng.TestRunner.privateRun(TestRunner.java:741)
at org.testng.TestRunner.run(TestRunner.java:616)
at org.testng.SuiteRunner.runTest(SuiteRunner.java:421)
at org.testng.SuiteRunner.runSequentially(SuiteRunner.java:413)
at org.testng.SuiteRunner.privateRun(SuiteRunner.java:373)
at org.testng.SuiteRunner.run(SuiteRunner.java:312)
at org.testng.SuiteRunnerWorker.runSuite(SuiteRunnerWorker.java:52)
at org.testng.SuiteRunnerWorker.run(SuiteRunnerWorker.java:95)
at org.testng.TestNG.runSuitesSequentially(TestNG.java:1274)
at org.testng.TestNG.runSuitesLocally(TestNG.java:1208)
at org.testng.TestNG.runSuites(TestNG.java:1112)
at org.testng.TestNG.run(TestNG.java:1079)
at org.testng.remote.AbstractRemoteTestNG.run(AbstractRemoteTestNG.java:115)
at org.testng.remote.RemoteTestNG.initAndRun(RemoteTestNG.java:293)
at org.testng.remote.RemoteTestNG.main(RemoteTestNG.java:91)
]]>
    </failure>
  </testcase> <!-- tc_159_verifyChatWithUsButtonOpensChatWindow -->
  <testcase classname="org.project.TS_044" name="tc_160_verifyChatWithUsButtonOnMobile" time="2.294"/>
</testsuite> <!-- org.project.TS_044 -->
